#
# There is insufficient memory for the Java Runtime Environment to continue.
# Native memory allocation (mmap) failed to map 132120576 bytes for Failed to commit area from 0x0000000082400000 to 0x000000008a200000 of length 132120576.
# Possible reasons:
#   The system is out of physical RAM or swap space
#   The process is running with CompressedOops enabled, and the Java Heap may be blocking the growth of the native heap
# Possible solutions:
#   Reduce memory load on the system
#   Increase physical memory or swap space
#   Check if swap backing store is full
#   Decrease Java heap size (-Xmx/-Xms)
#   Decrease number of Java threads
#   Decrease Java thread stack sizes (-Xss)
#   Set larger code cache with -XX:ReservedCodeCacheSize=
# This output file may be truncated or incomplete.
#
#  Out of Memory Error (./src/hotspot/os/windows/os_windows.cpp:3303), pid=35380, tid=30268
#
# JRE version:  (11.0.8+10) (build )
# Java VM: OpenJDK 64-Bit Server VM (11.0.8+10-b944.6842174, mixed mode, sharing, tiered, compressed oops, g1 gc, windows-amd64)
# No core dump will be written. Minidumps are not enabled by default on client versions of Windows
#

---------------  S U M M A R Y ------------

Command Line: org.jetbrains.git4idea.http.GitAskPassApp Username for 'https://github.com': 

Host: Intel(R) Core(TM) i5-8265U CPU @ 1.60GHz, 8 cores, 7G,  Windows 10 , 64 bit Build 19041 (10.0.19041.1023)
Time: Tue Jul 13 19:00:32 2021 India Standard Time elapsed time: 0 seconds (0d 0h 0m 0s)

---------------  T H R E A D  ---------------

Current thread (0x00000278359da000):  JavaThread "Unknown thread" [_thread_in_vm, id=30268, stack(0x0000007f54000000,0x0000007f54100000)]

Stack: [0x0000007f54000000,0x0000007f54100000]
Native frames: (J=compiled Java code, j=interpreted, Vv=VM code, C=native code)
V  [jvm.dll+0x5de50a]
V  [jvm.dll+0x7122f5]
V  [jvm.dll+0x71384d]
V  [jvm.dll+0x713f03]
V  [jvm.dll+0x23e728]
V  [jvm.dll+0x5db9a4]
V  [jvm.dll+0x5d0ae5]
V  [jvm.dll+0x2fb20b]
V  [jvm.dll+0x2fb17a]
V  [jvm.dll+0x2fb052]
V  [jvm.dll+0x2fff16]
V  [jvm.dll+0x348743]
V  [jvm.dll+0x348e46]
V  [jvm.dll+0x348843]
V  [jvm.dll+0x2d5d68]
V  [jvm.dll+0x2d6f07]
V  [jvm.dll+0x6f11f7]
V  [jvm.dll+0x6f29ec]
V  [jvm.dll+0x355cb9]
V  [jvm.dll+0x6d4ade]
V  [jvm.dll+0x3bdfe3]
V  [jvm.dll+0x3c0201]
C  [jli.dll+0x5373]
C  [ucrtbase.dll+0x21bb2]
C  [KERNEL32.DLL+0x17034]
C  [ntdll.dll+0x52651]


---------------  P R O C E S S  ---------------

Threads class SMR info:
_java_thread_list=0x0000027833faf3b0, length=0, elements={
}

Java Threads: ( => current thread )

Other Threads:
  0x00000278359f1000 GCTaskThread "GC Thread#0" [stack: 0x0000007f54100000,0x0000007f54200000] [id=4200]
  0x0000027835a20800 ConcurrentGCThread "G1 Main Marker" [stack: 0x0000007f54200000,0x0000007f54300000] [id=24256]
  0x0000027835a23800 ConcurrentGCThread "G1 Conc#0" [stack: 0x0000007f54300000,0x0000007f54400000] [id=36328]

[error occurred during error reporting (printing all threads), id 0xc0000005, EXCEPTION_ACCESS_VIOLATION (0xc0000005) at pc=0x00007ffde5566357]

VM state:not at safepoint (not fully initialized)

VM Mutex/Monitor currently owned by a thread:  ([mutex/lock_event])
[0x00000278359d61c0] Heap_lock - owner thread: 0x00000278359da000

Heap address: 0x0000000082400000, size: 2012 MB, Compressed Oops mode: Non-zero based: 0x0000000082400000
Narrow klass base: 0x0000000000000000, Narrow klass shift: 0

GC Heap History (0 events):
No events

Deoptimization events (0 events):
No events

Classes redefined (0 events):
No events

Internal exceptions (0 events):
No events

Events (1 events):
Event: 0.130 Loaded shared library C:\Program Files\Android\Android Studio\jre\bin\zip.dll


Dynamic libraries:
0x00007ff690030000 - 0x00007ff69003a000 	C:\Program Files\Android\Android Studio\jre\bin\java.exe
0x00007ffe7ed90000 - 0x00007ffe7ef85000 	C:\WINDOWS\SYSTEM32\ntdll.dll
0x00007ffe7db50000 - 0x00007ffe7dc0d000 	C:\WINDOWS\System32\KERNEL32.DLL
0x00007ffe7c9c0000 - 0x00007ffe7cc88000 	C:\WINDOWS\System32\KERNELBASE.dll
0x00007ffe7c630000 - 0x00007ffe7c730000 	C:\WINDOWS\System32\ucrtbase.dll
0x00007ffe74740000 - 0x00007ffe74759000 	C:\Program Files\Android\Android Studio\jre\bin\jli.dll
0x00007ffe7e6c0000 - 0x00007ffe7e860000 	C:\WINDOWS\System32\USER32.dll
0x00007ffe7cdd0000 - 0x00007ffe7cdf2000 	C:\WINDOWS\System32\win32u.dll
0x00007ffe7cf60000 - 0x00007ffe7cf8a000 	C:\WINDOWS\System32\GDI32.dll
0x00007ffe7c4d0000 - 0x00007ffe7c5db000 	C:\WINDOWS\System32\gdi32full.dll
0x00007ffe7c8c0000 - 0x00007ffe7c95d000 	C:\WINDOWS\System32\msvcp_win.dll
0x00007ffe692a0000 - 0x00007ffe692b7000 	C:\Program Files\Android\Android Studio\jre\bin\VCRUNTIME140.dll
0x00007ffe60f80000 - 0x00007ffe6121a000 	C:\WINDOWS\WinSxS\amd64_microsoft.windows.common-controls_6595b64144ccf1df_6.0.19041.1052_none_60b8f8fd71f5e8cb\COMCTL32.dll
0x00007ffe7e500000 - 0x00007ffe7e59e000 	C:\WINDOWS\System32\msvcrt.dll
0x00007ffe7e860000 - 0x00007ffe7e890000 	C:\WINDOWS\System32\IMM32.DLL
0x00007ffe52a90000 - 0x00007ffe52b2d000 	C:\Program Files\Android\Android Studio\jre\bin\msvcp140.dll
0x00007ffde5280000 - 0x00007ffde5d3c000 	C:\Program Files\Android\Android Studio\jre\bin\server\jvm.dll
0x00007ffe7e5a0000 - 0x00007ffe7e64c000 	C:\WINDOWS\System32\ADVAPI32.dll
0x00007ffe7d070000 - 0x00007ffe7d10b000 	C:\WINDOWS\System32\sechost.dll
0x00007ffe7e3d0000 - 0x00007ffe7e4fb000 	C:\WINDOWS\System32\RPCRT4.dll
0x00007ffe7ce10000 - 0x00007ffe7ce18000 	C:\WINDOWS\System32\PSAPI.DLL
0x00007ffe68630000 - 0x00007ffe68639000 	C:\WINDOWS\SYSTEM32\WSOCK32.dll
0x00007ffe7e650000 - 0x00007ffe7e6bb000 	C:\WINDOWS\System32\WS2_32.dll
0x00007ffe68890000 - 0x00007ffe688b7000 	C:\WINDOWS\SYSTEM32\WINMM.dll
0x00007ffe71f30000 - 0x00007ffe71f3a000 	C:\WINDOWS\SYSTEM32\VERSION.dll
0x00007ffe7add0000 - 0x00007ffe7ade2000 	C:\WINDOWS\SYSTEM32\kernel.appcore.dll
0x00007ffe50880000 - 0x00007ffe50891000 	C:\Program Files\Android\Android Studio\jre\bin\verify.dll
0x00007ffe7a970000 - 0x00007ffe7ab54000 	C:\WINDOWS\SYSTEM32\DBGHELP.DLL
0x00007ffe77970000 - 0x00007ffe7799c000 	C:\WINDOWS\SYSTEM32\dbgcore.DLL
0x00007ffe7cc90000 - 0x00007ffe7cd13000 	C:\WINDOWS\System32\bcryptPrimitives.dll
0x00007ffe50850000 - 0x00007ffe50879000 	C:\Program Files\Android\Android Studio\jre\bin\java.dll
0x00007ffe74a70000 - 0x00007ffe74a7b000 	C:\Program Files\Android\Android Studio\jre\bin\jimage.dll
0x00007ffe50830000 - 0x00007ffe50848000 	C:\Program Files\Android\Android Studio\jre\bin\zip.dll

dbghelp: loaded successfully - version: 4.0.5 - missing functions: none
symbol engine: initialized successfully - sym options: 0x614 - pdb path: .;C:\Program Files\Android\Android Studio\jre\bin;C:\WINDOWS\SYSTEM32;C:\WINDOWS\WinSxS\amd64_microsoft.windows.common-controls_6595b64144ccf1df_6.0.19041.1052_none_60b8f8fd71f5e8cb;C:\Program Files\Android\Android Studio\jre\bin\server

VM Arguments:
java_command: org.jetbrains.git4idea.http.GitAskPassApp Username for 'https://github.com': 
java_class_path (initial): C:/Program Files/Android/Android Studio/plugins/git4idea/lib/git4idea-rt.jar;C:/Program Files/Android/Android Studio/lib/xmlrpc-2.0.1.jar;C:/Program Files/Android/Android Studio/lib/commons-codec-1.14.jar
Launcher Type: SUN_STANDARD

[Global flags]
     intx CICompilerCount                          = 4                                         {product} {ergonomic}
     uint ConcGCThreads                            = 2                                         {product} {ergonomic}
     uint G1ConcRefinementThreads                  = 8                                         {product} {ergonomic}
   size_t G1HeapRegionSize                         = 1048576                                   {product} {ergonomic}
    uintx GCDrainStackTargetSize                   = 64                                        {product} {ergonomic}
   size_t InitialHeapSize                          = 132120576                                 {product} {ergonomic}
   size_t MarkStackSize                            = 4194304                                   {product} {ergonomic}
   size_t MaxHeapSize                              = 2109734912                                {product} {ergonomic}
   size_t MinHeapDeltaBytes                        = 1048576                                   {product} {ergonomic}
    uintx NonNMethodCodeHeapSize                   = 5836300                                {pd product} {ergonomic}
    uintx NonProfiledCodeHeapSize                  = 122910970                              {pd product} {ergonomic}
    uintx ProfiledCodeHeapSize                     = 122910970                              {pd product} {ergonomic}
    uintx ReservedCodeCacheSize                    = 251658240                              {pd product} {ergonomic}
     bool SegmentedCodeCache                       = true                                      {product} {ergonomic}
     bool UseCompressedClassPointers               = true                                 {lp64_product} {ergonomic}
     bool UseCompressedOops                        = true                                 {lp64_product} {ergonomic}
     bool UseG1GC                                  = true                                      {product} {ergonomic}
     bool UseLargePagesIndividualAllocation        = false                                  {pd product} {ergonomic}

Logging:
Log output configuration:
 #0: stdout all=warning uptime,level,tags
 #1: stderr all=off uptime,level,tags

Environment Variables:
JAVA_HOME=C:\Program Files\Java\jdk-16.0.1
PATH=C:\Program Files\Git\mingw64\libexec\git-core;C:\Program Files\Git\mingw64\libexec\git-core;C:\Program Files\Git\mingw64\bin;C:\Program Files\Git\usr\bin;C:\Users\tmazu\bin;C:\Program Files\Common Files\Oracle\Java\javapath;C:\WINDOWS\system32;C:\WINDOWS;C:\WINDOWS\System32\Wbem;C:\WINDOWS\System32\WindowsPowerShell\v1.0;C:\WINDOWS\System32\OpenSSH;C:\Program Files\Java\jdk-16.0.1\bin;C:\Program Files\Git\cmd;C:\Program Files\Java\jdk-16.0.1\bin;C:\Python;C:\Python\Scripts;C:\Python\Scripts;C:\Python;C:\Users\tmazu\AppData\Local\Microsoft\WindowsApps
USERNAME=tmazu
DISPLAY=:0.0
LC_ALL=en_US.UTF-8
OS=Windows_NT
PROCESSOR_IDENTIFIER=Intel64 Family 6 Model 142 Stepping 11, GenuineIntel



---------------  S Y S T E M  ---------------

OS: Windows 10 , 64 bit Build 19041 (10.0.19041.1023)
OS uptime: 3 days 3:30 hours

CPU:total 8 (initial active 8) (4 cores per cpu, 2 threads per core) family 6 model 142 stepping 11, cmov, cx8, fxsr, mmx, sse, sse2, sse3, ssse3, sse4.1, sse4.2, popcnt, avx, avx2, aes, clmul, erms, 3dnowpref, lzcnt, ht, tsc, tscinvbit, bmi1, bmi2, adx, fma

Memory: 4k page, system-wide physical 8043M (335M free)
TotalPageFile size 32619M (AvailPageFile size 99M)
current process WorkingSet (physical memory assigned to process): 9M, peak: 9M
current process commit charge ("private bytes"): 59M, peak: 185M

vm_info: OpenJDK 64-Bit Server VM (11.0.8+10-b944.6842174) for windows-amd64 JRE (11.0.8+10-b944.6842174), built on Sep 19 2020 01:11:42 by "builder" with MS VC++ 14.0 (VS2015)

END.
